<?xml version="1.0" encoding="UTF-8"?>
<testng-results skipped="0" failed="1" ignored="0" total="4" passed="3">
  <reporter-output>
  </reporter-output>
  <suite name="SeliseProject" duration-ms="23484" started-at="2022-04-09T02:21:02 BDT" finished-at="2022-04-09T02:21:26 BDT">
    <groups>
    </groups>
    <test name="LoginModuleTest" duration-ms="20444" started-at="2022-04-09T02:21:02 BDT" finished-at="2022-04-09T02:21:23 BDT">
      <class name="com.selise.SeliseProject.Test.LoginTest">
        <test-method status="PASS" signature="CheckLoginPageTitle()[pri:0, instance:com.selise.SeliseProject.Test.LoginTest@2d2ffcb7]" name="CheckLoginPageTitle" duration-ms="10332" started-at="2022-04-09T02:21:02 BDT" finished-at="2022-04-09T02:21:13 BDT">
          <reporter-output>
          </reporter-output>
        </test-method> <!-- CheckLoginPageTitle -->
        <test-method status="PASS" signature="Logintest(java.util.List)[pri:0, instance:com.selise.SeliseProject.Test.LoginTest@2d2ffcb7]" name="Logintest" duration-ms="8500" started-at="2022-04-09T02:21:14 BDT" data-provider="loginData" depends-on-methods="com.selise.SeliseProject.Test.LoginTest.CheckLoginPageTitle" finished-at="2022-04-09T02:21:23 BDT">
          <params>
            <param index="0">
              <value>
                <![CDATA[[LoginDTO [username=tutorial, password=tutorial], LoginDTO [username=Admin, password=admin123]]]]>
              </value>
            </param>
          </params>
          <reporter-output>
          </reporter-output>
        </test-method> <!-- Logintest -->
      </class> <!-- com.selise.SeliseProject.Test.LoginTest -->
    </test> <!-- LoginModuleTest -->
    <test name="AssignLeaveModuleTest" duration-ms="2994" started-at="2022-04-09T02:21:23 BDT" finished-at="2022-04-09T02:21:26 BDT">
      <class name="com.selise.SeliseProject.Test.AssignLeaveTest">
        <test-method status="PASS" signature="AssignLeavePage()[pri:0, instance:com.selise.SeliseProject.Test.AssignLeaveTest@37f1104d]" name="AssignLeavePage" duration-ms="2203" started-at="2022-04-09T02:21:23 BDT" finished-at="2022-04-09T02:21:25 BDT">
          <reporter-output>
          </reporter-output>
        </test-method> <!-- AssignLeavePage -->
        <test-method status="FAIL" signature="assignleavetest(java.util.List)[pri:0, instance:com.selise.SeliseProject.Test.AssignLeaveTest@37f1104d]" name="assignleavetest" duration-ms="290" started-at="2022-04-09T02:21:25 BDT" data-provider="assignleaveData" depends-on-methods="com.selise.SeliseProject.Test.AssignLeaveTest.AssignLeavePage" finished-at="2022-04-09T02:21:25 BDT">
          <params>
            <param index="0">
              <value>
                <![CDATA[[AssignLeaveDTO [employeename=Cassidy Hope, leavetype=US - FMLA, fromdatemonth=Dec, fromdateyear=2020, fromdatedate=14, todatemonth=Dec, todateyear=2020, todatedate=19, comment=This is a test]]]]>
              </value>
            </param>
          </params>
          <exception class="org.openqa.selenium.NoSuchElementException">
            <message>
              <![CDATA[no such element: Unable to locate element: {"method":"xpath","selector":"//*[@id="assignleave_txtLeaveType"]"}
  (Session info: chrome=100.0.4896.75)
For documentation on this error, please visit: https://selenium.dev/exceptions/#no_such_element
Build info: version: '4.1.3', revision: '7b1ebf28ef'
System info: host: 'IMRAN-PC', ip: '192.168.0.131', os.name: 'Windows 8.1', os.arch: 'amd64', os.version: '6.3', java.version: '1.8.0_45'
Driver info: org.openqa.selenium.chrome.ChromeDriver
Command: [676240d32a93428d9f98eacb8ab4006c, findElement {using=xpath, value=//*[@id="assignleave_txtLeaveType"]}]
Capabilities {acceptInsecureCerts: false, browserName: chrome, browserVersion: 100.0.4896.75, chrome: {chromedriverVersion: 100.0.4896.60 (6a5d10861ce8..., userDataDir: C:\Users\Imran\AppData\Loca...}, goog:chromeOptions: {debuggerAddress: localhost:4388}, javascriptEnabled: true, networkConnectionEnabled: false, pageLoadStrategy: normal, platform: WINDOWS, platformName: WINDOWS, proxy: Proxy(), se:cdp: ws://localhost:4388/devtool..., se:cdpVersion: 100.0.4896.75, setWindowRect: true, strictFileInteractability: false, timeouts: {implicit: 0, pageLoad: 300000, script: 30000}, unhandledPromptBehavior: dismiss and notify, webauthn:extension:credBlob: true, webauthn:extension:largeBlob: true, webauthn:virtualAuthenticators: true}
Session ID: 676240d32a93428d9f98eacb8ab4006c]]>
            </message>
            <full-stacktrace>
              <![CDATA[org.openqa.selenium.NoSuchElementException: no such element: Unable to locate element: {"method":"xpath","selector":"//*[@id="assignleave_txtLeaveType"]"}
  (Session info: chrome=100.0.4896.75)
For documentation on this error, please visit: https://selenium.dev/exceptions/#no_such_element
Build info: version: '4.1.3', revision: '7b1ebf28ef'
System info: host: 'IMRAN-PC', ip: '192.168.0.131', os.name: 'Windows 8.1', os.arch: 'amd64', os.version: '6.3', java.version: '1.8.0_45'
Driver info: org.openqa.selenium.chrome.ChromeDriver
Command: [676240d32a93428d9f98eacb8ab4006c, findElement {using=xpath, value=//*[@id="assignleave_txtLeaveType"]}]
Capabilities {acceptInsecureCerts: false, browserName: chrome, browserVersion: 100.0.4896.75, chrome: {chromedriverVersion: 100.0.4896.60 (6a5d10861ce8..., userDataDir: C:\Users\Imran\AppData\Loca...}, goog:chromeOptions: {debuggerAddress: localhost:4388}, javascriptEnabled: true, networkConnectionEnabled: false, pageLoadStrategy: normal, platform: WINDOWS, platformName: WINDOWS, proxy: Proxy(), se:cdp: ws://localhost:4388/devtool..., se:cdpVersion: 100.0.4896.75, setWindowRect: true, strictFileInteractability: false, timeouts: {implicit: 0, pageLoad: 300000, script: 30000}, unhandledPromptBehavior: dismiss and notify, webauthn:extension:credBlob: true, webauthn:extension:largeBlob: true, webauthn:virtualAuthenticators: true}
Session ID: 676240d32a93428d9f98eacb8ab4006c
at sun.reflect.NativeConstructorAccessorImpl.newInstance0(Native Method)
at sun.reflect.NativeConstructorAccessorImpl.newInstance(NativeConstructorAccessorImpl.java:62)
at sun.reflect.DelegatingConstructorAccessorImpl.newInstance(DelegatingConstructorAccessorImpl.java:45)
at java.lang.reflect.Constructor.newInstance(Constructor.java:422)
at org.openqa.selenium.remote.codec.w3c.W3CHttpResponseCodec.createException(W3CHttpResponseCodec.java:200)
at org.openqa.selenium.remote.codec.w3c.W3CHttpResponseCodec.decode(W3CHttpResponseCodec.java:133)
at org.openqa.selenium.remote.codec.w3c.W3CHttpResponseCodec.decode(W3CHttpResponseCodec.java:53)
at org.openqa.selenium.remote.HttpCommandExecutor.execute(HttpCommandExecutor.java:184)
at org.openqa.selenium.remote.service.DriverCommandExecutor.invokeExecute(DriverCommandExecutor.java:167)
at org.openqa.selenium.remote.service.DriverCommandExecutor.execute(DriverCommandExecutor.java:142)
at org.openqa.selenium.remote.RemoteWebDriver.execute(RemoteWebDriver.java:567)
at org.openqa.selenium.remote.ElementLocation$ElementFinder$2.findElement(ElementLocation.java:162)
at org.openqa.selenium.remote.ElementLocation.findElement(ElementLocation.java:60)
at org.openqa.selenium.remote.RemoteWebDriver.findElement(RemoteWebDriver.java:385)
at org.openqa.selenium.remote.RemoteWebDriver.findElement(RemoteWebDriver.java:377)
at com.selise.SeliseProject.Test.AssignLeaveTest.assignleavetest(AssignLeaveTest.java:37)
at sun.reflect.NativeMethodAccessorImpl.invoke0(Native Method)
at sun.reflect.NativeMethodAccessorImpl.invoke(NativeMethodAccessorImpl.java:62)
at sun.reflect.DelegatingMethodAccessorImpl.invoke(DelegatingMethodAccessorImpl.java:43)
at java.lang.reflect.Method.invoke(Method.java:497)
at org.testng.internal.MethodInvocationHelper.invokeMethod(MethodInvocationHelper.java:132)
at org.testng.internal.TestInvoker.invokeMethod(TestInvoker.java:599)
at org.testng.internal.TestInvoker.invokeTestMethod(TestInvoker.java:174)
at org.testng.internal.MethodRunner.runInSequence(MethodRunner.java:46)
at org.testng.internal.TestInvoker$MethodInvocationAgent.invoke(TestInvoker.java:822)
at org.testng.internal.TestInvoker.invokeTestMethods(TestInvoker.java:147)
at org.testng.internal.TestMethodWorker.invokeTestMethods(TestMethodWorker.java:146)
at org.testng.internal.TestMethodWorker.run(TestMethodWorker.java:128)
at org.testng.TestRunner$$Lambda$67/1437941060.accept(Unknown Source)
at java.util.ArrayList.forEach(ArrayList.java:1249)
at org.testng.TestRunner.privateRun(TestRunner.java:764)
at org.testng.TestRunner.run(TestRunner.java:585)
at org.testng.SuiteRunner.runTest(SuiteRunner.java:384)
at org.testng.SuiteRunner.runSequentially(SuiteRunner.java:378)
at org.testng.SuiteRunner.privateRun(SuiteRunner.java:337)
at org.testng.SuiteRunner.run(SuiteRunner.java:286)
at org.testng.SuiteRunnerWorker.runSuite(SuiteRunnerWorker.java:53)
at org.testng.SuiteRunnerWorker.run(SuiteRunnerWorker.java:96)
at org.testng.TestNG.runSuitesSequentially(TestNG.java:1218)
at org.testng.TestNG.runSuitesLocally(TestNG.java:1140)
at org.testng.TestNG.runSuites(TestNG.java:1069)
at org.testng.TestNG.run(TestNG.java:1037)
at org.testng.remote.AbstractRemoteTestNG.run(AbstractRemoteTestNG.java:115)
at org.testng.remote.RemoteTestNG.initAndRun(RemoteTestNG.java:251)
at org.testng.remote.RemoteTestNG.main(RemoteTestNG.java:77)
]]>
            </full-stacktrace>
          </exception> <!-- org.openqa.selenium.NoSuchElementException -->
          <reporter-output>
          </reporter-output>
        </test-method> <!-- assignleavetest -->
      </class> <!-- com.selise.SeliseProject.Test.AssignLeaveTest -->
    </test> <!-- AssignLeaveModuleTest -->
  </suite> <!-- SeliseProject -->
</testng-results>
